# JRE version: Java(TM) SE Runtime Environment (7.0_67-b01) (build 1.7.0_67-b01)
# Java VM: Java HotSpot(TM) 64-Bit Server VM (24.65-b04 mixed mode linux-amd64 compressed oops)
Heap
 PSYoungGen      total 425984K, used 736K [0x00000007d6c80000, 0x00000007f1a00000, 0x0000000800000000)
  eden space 412160K, 0% used [0x00000007d6c80000,0x00000007d6c80000,0x00000007eff00000)
  from space 13824K, 5% used [0x00000007eff00000,0x00000007effb8000,0x00000007f0c80000)
  to   space 13824K, 0% used [0x00000007f0c80000,0x00000007f0c80000,0x00000007f1a00000)
 ParOldGen       total 83968K, used 19170K [0x0000000784600000, 0x0000000789800000, 0x00000007d6c80000)
  object space 83968K, 22% used [0x0000000784600000,0x00000007858b8868,0x0000000789800000)
 PSPermGen       total 21504K, used 15949K [0x000000077f400000, 0x0000000780900000, 0x0000000784600000)
  object space 21504K, 74% used [0x000000077f400000,0x0000000780393408,0x0000000780900000)
GC Heap History (10 events):
Event: 2.208 GC heap after
Heap after GC invocations=6 (full 0):
 PSYoungGen      total 140288K, used 8073K [0x00000007d6c80000, 0x00000007e0280000, 0x0000000800000000)
  eden space 129024K, 0% used [0x00000007d6c80000,0x00000007d6c80000,0x00000007dea80000)
  from space 11264K, 71% used [0x00000007df780000,0x00000007dff626d0,0x00000007e0280000)
  to   space 12288K, 0% used [0x00000007dea80000,0x00000007dea80000,0x00000007df680000)
 ParOldGen       total 83968K, used 13162K [0x0000000784600000, 0x0000000789800000, 0x00000007d6c80000)
  object space 83968K, 15% used [0x0000000784600000,0x00000007852da8c8,0x0000000789800000)
 PSPermGen       total 21504K, used 15943K [0x000000077f400000, 0x0000000780900000, 0x0000000784600000)
  object space 21504K, 74% used [0x000000077f400000,0x0000000780391e80,0x0000000780900000)
}
Event: 2.326 GC heap before
{Heap before GC invocations=7 (full 0):
 PSYoungGen      total 140288K, used 137097K [0x00000007d6c80000, 0x00000007e0280000, 0x0000000800000000)
  eden space 129024K, 100% used [0x00000007d6c80000,0x00000007dea80000,0x00000007dea80000)
  from space 11264K, 71% used [0x00000007df780000,0x00000007dff626d0,0x00000007e0280000)
  to   space 12288K, 0% used [0x00000007dea80000,0x00000007dea80000,0x00000007df680000)
 ParOldGen       total 83968K, used 13162K [0x0000000784600000, 0x0000000789800000, 0x00000007d6c80000)
  object space 83968K, 15% used [0x0000000784600000,0x00000007852da8c8,0x0000000789800000)
 PSPermGen       total 21504K, used 15943K [0x000000077f400000, 0x0000000780900000, 0x0000000784600000)
  object space 21504K, 74% used [0x000000077f400000,0x0000000780391f28,0x0000000780900000)
Event: 2.350 GC heap after
Heap after GC invocations=7 (full 0):
 PSYoungGen      total 141312K, used 1120K [0x00000007d6c80000, 0x00000007e8280000, 0x0000000800000000)
  eden space 129024K, 0% used [0x00000007d6c80000,0x00000007d6c80000,0x00000007dea80000)
  from space 12288K, 9% used [0x00000007dea80000,0x00000007deb98000,0x00000007df680000)
  to   space 13312K, 0% used [0x00000007e7580000,0x00000007e7580000,0x00000007e8280000)
 ParOldGen       total 83968K, used 19122K [0x0000000784600000, 0x0000000789800000, 0x00000007d6c80000)
  object space 83968K, 22% used [0x0000000784600000,0x00000007858ac868,0x0000000789800000)
 PSPermGen       total 21504K, used 15943K [0x000000077f400000, 0x0000000780900000, 0x0000000784600000)
  object space 21504K, 74% used [0x000000077f400000,0x0000000780391f28,0x0000000780900000)
}
Event: 2.433 GC heap before
{Heap before GC invocations=8 (full 0):
 PSYoungGen      total 141312K, used 130144K [0x00000007d6c80000, 0x00000007e8280000, 0x0000000800000000)
  eden space 129024K, 100% used [0x00000007d6c80000,0x00000007dea80000,0x00000007dea80000)
  from space 12288K, 9% used [0x00000007dea80000,0x00000007deb98000,0x00000007df680000)
  to   space 13312K, 0% used [0x00000007e7580000,0x00000007e7580000,0x00000007e8280000)
 ParOldGen       total 83968K, used 19122K [0x0000000784600000, 0x0000000789800000, 0x00000007d6c80000)
  object space 83968K, 22% used [0x0000000784600000,0x00000007858ac868,0x0000000789800000)
 PSPermGen       total 21504K, used 15944K [0x000000077f400000, 0x0000000780900000, 0x0000000784600000)
  object space 21504K, 74% used [0x000000077f400000,0x0000000780392088,0x0000000780900000)
Event: 2.435 GC heap after
Heap after GC invocations=8 (full 0):
 PSYoungGen      total 270848K, used 576K [0x00000007d6c80000, 0x00000007e8380000, 0x0000000800000000)
  eden space 257536K, 0% used [0x00000007d6c80000,0x00000007d6c80000,0x00000007e6800000)
  from space 13312K, 4% used [0x00000007e7580000,0x00000007e7610000,0x00000007e8280000)
  to   space 13824K, 0% used [0x00000007e6800000,0x00000007e6800000,0x00000007e7580000)
 ParOldGen       total 83968K, used 19130K [0x0000000784600000, 0x0000000789800000, 0x00000007d6c80000)
  object space 83968K, 22% used [0x0000000784600000,0x00000007858ae868,0x0000000789800000)
 PSPermGen       total 21504K, used 15944K [0x000000077f400000, 0x0000000780900000, 0x0000000784600000)
  object space 21504K, 74% used [0x000000077f400000,0x0000000780392088,0x0000000780900000)
}
Event: 3.194 GC heap before
{Heap before GC invocations=9 (full 0):
 PSYoungGen      total 270848K, used 258112K [0x00000007d6c80000, 0x00000007e8380000, 0x0000000800000000)
  eden space 257536K, 100% used [0x00000007d6c80000,0x00000007e6800000,0x00000007e6800000)
  from space 13312K, 4% used [0x00000007e7580000,0x00000007e7610000,0x00000007e8280000)
  to   space 13824K, 0% used [0x00000007e6800000,0x00000007e6800000,0x00000007e7580000)
 ParOldGen       total 83968K, used 19130K [0x0000000784600000, 0x0000000789800000, 0x00000007d6c80000)
  object space 83968K, 22% used [0x0000000784600000,0x00000007858ae868,0x0000000789800000)
 PSPermGen       total 21504K, used 15946K [0x000000077f400000, 0x0000000780900000, 0x0000000784600000)
  object space 21504K, 74% used [0x000000077f400000,0x0000000780392b40,0x0000000780900000)
Event: 3.195 GC heap after
Heap after GC invocations=9 (full 0):
 PSYoungGen      total 271360K, used 992K [0x00000007d6c80000, 0x00000007f1a00000, 0x0000000800000000)
  eden space 257536K, 0% used [0x00000007d6c80000,0x00000007d6c80000,0x00000007e6800000)
  from space 13824K, 7% used [0x00000007e6800000,0x00000007e68f8000,0x00000007e7580000)
  to   space 13824K, 0% used [0x00000007f0c80000,0x00000007f0c80000,0x00000007f1a00000)
 ParOldGen       total 83968K, used 19138K [0x0000000784600000, 0x0000000789800000, 0x00000007d6c80000)
  object space 83968K, 22% used [0x0000000784600000,0x00000007858b0868,0x0000000789800000)
 PSPermGen       total 21504K, used 15946K [0x000000077f400000, 0x0000000780900000, 0x0000000784600000)
  object space 21504K, 74% used [0x000000077f400000,0x0000000780392b40,0x0000000780900000)
}
Event: 3.356 GC heap before
{Heap before GC invocations=10 (full 0):
 PSYoungGen      total 271360K, used 258528K [0x00000007d6c80000, 0x00000007f1a00000, 0x0000000800000000)
  eden space 257536K, 100% used [0x00000007d6c80000,0x00000007e6800000,0x00000007e6800000)
  from space 13824K, 7% used [0x00000007e6800000,0x00000007e68f8000,0x00000007e7580000)
  to   space 13824K, 0% used [0x00000007f0c80000,0x00000007f0c80000,0x00000007f1a00000)
 ParOldGen       total 83968K, used 19138K [0x0000000784600000, 0x0000000789800000, 0x00000007d6c80000)
  object space 83968K, 22% used [0x0000000784600000,0x00000007858b0868,0x0000000789800000)
 PSPermGen       total 21504K, used 15946K [0x000000077f400000, 0x0000000780900000, 0x0000000784600000)
  object space 21504K, 74% used [0x000000077f400000,0x0000000780392b40,0x0000000780900000)
Event: 3.357 GC heap after
Heap after GC invocations=10 (full 0):
 PSYoungGen      total 425984K, used 672K [0x00000007d6c80000, 0x00000007f1a00000, 0x0000000800000000)
  eden space 412160K, 0% used [0x00000007d6c80000,0x00000007d6c80000,0x00000007eff00000)
  from space 13824K, 4% used [0x00000007f0c80000,0x00000007f0d28000,0x00000007f1a00000)
  to   space 13824K, 0% used [0x00000007eff00000,0x00000007eff00000,0x00000007f0c80000)
 ParOldGen       total 83968K, used 19138K [0x0000000784600000, 0x0000000789800000, 0x00000007d6c80000)
  object space 83968K, 22% used [0x0000000784600000,0x00000007858b0868,0x0000000789800000)
 PSPermGen       total 21504K, used 15946K [0x000000077f400000, 0x0000000780900000, 0x0000000784600000)
  object space 21504K, 74% used [0x000000077f400000,0x0000000780392b40,0x0000000780900000)
}
Event: 3.825 GC heap before
{Heap before GC invocations=11 (full 0):
 PSYoungGen      total 425984K, used 412832K [0x00000007d6c80000, 0x00000007f1a00000, 0x0000000800000000)
  eden space 412160K, 100% used [0x00000007d6c80000,0x00000007eff00000,0x00000007eff00000)
  from space 13824K, 4% used [0x00000007f0c80000,0x00000007f0d28000,0x00000007f1a00000)
  to   space 13824K, 0% used [0x00000007eff00000,0x00000007eff00000,0x00000007f0c80000)
 ParOldGen       total 83968K, used 19138K [0x0000000784600000, 0x0000000789800000, 0x00000007d6c80000)
  object space 83968K, 22% used [0x0000000784600000,0x00000007858b0868,0x0000000789800000)
 PSPermGen       total 21504K, used 15949K [0x000000077f400000, 0x0000000780900000, 0x0000000784600000)
  object space 21504K, 74% used [0x000000077f400000,0x0000000780393408,0x0000000780900000)

