# JRE version: Java(TM) SE Runtime Environment (7.0_67-b01) (build 1.7.0_67-b01)
# Java VM: Java HotSpot(TM) 64-Bit Server VM (24.65-b04 mixed mode linux-amd64 compressed oops)
Heap
 PSYoungGen      total 426496K, used 896K [0x00000007d6c80000, 0x00000007f1a00000, 0x0000000800000000)
  eden space 413184K, 0% used [0x00000007d6c80000,0x00000007d6c80000,0x00000007f0000000)
  from space 13312K, 6% used [0x00000007f0000000,0x00000007f00e0000,0x00000007f0d00000)
  to   space 12800K, 0% used [0x00000007f0d80000,0x00000007f0d80000,0x00000007f1a00000)
 ParOldGen       total 83968K, used 13190K [0x0000000784600000, 0x0000000789800000, 0x00000007d6c80000)
  object space 83968K, 15% used [0x0000000784600000,0x00000007852e19c8,0x0000000789800000)
 PSPermGen       total 21504K, used 15946K [0x000000077f400000, 0x0000000780900000, 0x0000000784600000)
  object space 21504K, 74% used [0x000000077f400000,0x0000000780392a38,0x0000000780900000)
GC Heap History (10 events):
Event: 2.663 GC heap after
Heap after GC invocations=6 (full 0):
 PSYoungGen      total 142848K, used 3889K [0x00000007d6c80000, 0x00000007e0680000, 0x0000000800000000)
  eden space 129024K, 0% used [0x00000007d6c80000,0x00000007d6c80000,0x00000007dea80000)
  from space 13824K, 28% used [0x00000007df900000,0x00000007dfccc440,0x00000007e0680000)
  to   space 14336K, 0% used [0x00000007dea80000,0x00000007dea80000,0x00000007df880000)
 ParOldGen       total 83968K, used 9945K [0x0000000784600000, 0x0000000789800000, 0x00000007d6c80000)
  object space 83968K, 11% used [0x0000000784600000,0x0000000784fb6510,0x0000000789800000)
 PSPermGen       total 21504K, used 15941K [0x000000077f400000, 0x0000000780900000, 0x0000000784600000)
  object space 21504K, 74% used [0x000000077f400000,0x0000000780391708,0x0000000780900000)
}
Event: 2.759 GC heap before
{Heap before GC invocations=7 (full 0):
 PSYoungGen      total 142848K, used 132913K [0x00000007d6c80000, 0x00000007e0680000, 0x0000000800000000)
  eden space 129024K, 100% used [0x00000007d6c80000,0x00000007dea80000,0x00000007dea80000)
  from space 13824K, 28% used [0x00000007df900000,0x00000007dfccc440,0x00000007e0680000)
  to   space 14336K, 0% used [0x00000007dea80000,0x00000007dea80000,0x00000007df880000)
 ParOldGen       total 83968K, used 9945K [0x0000000784600000, 0x0000000789800000, 0x00000007d6c80000)
  object space 83968K, 11% used [0x0000000784600000,0x0000000784fb6510,0x0000000789800000)
 PSPermGen       total 21504K, used 15943K [0x000000077f400000, 0x0000000780900000, 0x0000000784600000)
  object space 21504K, 74% used [0x000000077f400000,0x0000000780391ec8,0x0000000780900000)
Event: 2.764 GC heap after
Heap after GC invocations=7 (full 0):
 PSYoungGen      total 143360K, used 896K [0x00000007d6c80000, 0x00000007e8380000, 0x0000000800000000)
  eden space 129024K, 0% used [0x00000007d6c80000,0x00000007d6c80000,0x00000007dea80000)
  from space 14336K, 6% used [0x00000007dea80000,0x00000007deb60000,0x00000007df880000)
  to   space 13824K, 0% used [0x00000007e7600000,0x00000007e7600000,0x00000007e8380000)
 ParOldGen       total 83968K, used 13118K [0x0000000784600000, 0x0000000789800000, 0x00000007d6c80000)
  object space 83968K, 15% used [0x0000000784600000,0x00000007852cf9c8,0x0000000789800000)
 PSPermGen       total 21504K, used 15943K [0x000000077f400000, 0x0000000780900000, 0x0000000784600000)
  object space 21504K, 74% used [0x000000077f400000,0x0000000780391ec8,0x0000000780900000)
}
Event: 2.853 GC heap before
{Heap before GC invocations=8 (full 0):
 PSYoungGen      total 143360K, used 129920K [0x00000007d6c80000, 0x00000007e8380000, 0x0000000800000000)
  eden space 129024K, 100% used [0x00000007d6c80000,0x00000007dea80000,0x00000007dea80000)
  from space 14336K, 6% used [0x00000007dea80000,0x00000007deb60000,0x00000007df880000)
  to   space 13824K, 0% used [0x00000007e7600000,0x00000007e7600000,0x00000007e8380000)
 ParOldGen       total 83968K, used 13118K [0x0000000784600000, 0x0000000789800000, 0x00000007d6c80000)
  object space 83968K, 15% used [0x0000000784600000,0x00000007852cf9c8,0x0000000789800000)
 PSPermGen       total 21504K, used 15944K [0x000000077f400000, 0x0000000780900000, 0x0000000784600000)
  object space 21504K, 74% used [0x000000077f400000,0x0000000780392028,0x0000000780900000)
Event: 2.855 GC heap after
Heap after GC invocations=8 (full 0):
 PSYoungGen      total 271872K, used 1056K [0x00000007d6c80000, 0x00000007e8380000, 0x0000000800000000)
  eden space 258048K, 0% used [0x00000007d6c80000,0x00000007d6c80000,0x00000007e6880000)
  from space 13824K, 7% used [0x00000007e7600000,0x00000007e7708000,0x00000007e8380000)
  to   space 13824K, 0% used [0x00000007e6880000,0x00000007e6880000,0x00000007e7600000)
 ParOldGen       total 83968K, used 13134K [0x0000000784600000, 0x0000000789800000, 0x00000007d6c80000)
  object space 83968K, 15% used [0x0000000784600000,0x00000007852d39c8,0x0000000789800000)
 PSPermGen       total 21504K, used 15944K [0x000000077f400000, 0x0000000780900000, 0x0000000784600000)
  object space 21504K, 74% used [0x000000077f400000,0x0000000780392028,0x0000000780900000)
}
Event: 3.055 GC heap before
{Heap before GC invocations=9 (full 0):
 PSYoungGen      total 271872K, used 259104K [0x00000007d6c80000, 0x00000007e8380000, 0x0000000800000000)
  eden space 258048K, 100% used [0x00000007d6c80000,0x00000007e6880000,0x00000007e6880000)
  from space 13824K, 7% used [0x00000007e7600000,0x00000007e7708000,0x00000007e8380000)
  to   space 13824K, 0% used [0x00000007e6880000,0x00000007e6880000,0x00000007e7600000)
 ParOldGen       total 83968K, used 13134K [0x0000000784600000, 0x0000000789800000, 0x00000007d6c80000)
  object space 83968K, 15% used [0x0000000784600000,0x00000007852d39c8,0x0000000789800000)
 PSPermGen       total 21504K, used 15944K [0x000000077f400000, 0x0000000780900000, 0x0000000784600000)
  object space 21504K, 74% used [0x000000077f400000,0x0000000780392198,0x0000000780900000)
Event: 3.056 GC heap after
Heap after GC invocations=9 (full 0):
 PSYoungGen      total 271872K, used 672K [0x00000007d6c80000, 0x00000007f1b00000, 0x0000000800000000)
  eden space 258048K, 0% used [0x00000007d6c80000,0x00000007d6c80000,0x00000007e6880000)
  from space 13824K, 4% used [0x00000007e6880000,0x00000007e6928000,0x00000007e7600000)
  to   space 13824K, 0% used [0x00000007f0d80000,0x00000007f0d80000,0x00000007f1b00000)
 ParOldGen       total 83968K, used 13134K [0x0000000784600000, 0x0000000789800000, 0x00000007d6c80000)
  object space 83968K, 15% used [0x0000000784600000,0x00000007852d39c8,0x0000000789800000)
 PSPermGen       total 21504K, used 15944K [0x000000077f400000, 0x0000000780900000, 0x0000000784600000)
  object space 21504K, 74% used [0x000000077f400000,0x0000000780392198,0x0000000780900000)
}
Event: 3.227 GC heap before
{Heap before GC invocations=10 (full 0):
 PSYoungGen      total 271872K, used 258720K [0x00000007d6c80000, 0x00000007f1b00000, 0x0000000800000000)
  eden space 258048K, 100% used [0x00000007d6c80000,0x00000007e6880000,0x00000007e6880000)
  from space 13824K, 4% used [0x00000007e6880000,0x00000007e6928000,0x00000007e7600000)
  to   space 13824K, 0% used [0x00000007f0d80000,0x00000007f0d80000,0x00000007f1b00000)
 ParOldGen       total 83968K, used 13134K [0x0000000784600000, 0x0000000789800000, 0x00000007d6c80000)
  object space 83968K, 15% used [0x0000000784600000,0x00000007852d39c8,0x0000000789800000)
 PSPermGen       total 21504K, used 15946K [0x000000077f400000, 0x0000000780900000, 0x0000000784600000)
  object space 21504K, 74% used [0x000000077f400000,0x0000000780392980,0x0000000780900000)
Event: 3.228 GC heap after
Heap after GC invocations=10 (full 0):
 PSYoungGen      total 425984K, used 1120K [0x00000007d6c80000, 0x00000007f1a00000, 0x0000000800000000)
  eden space 413184K, 0% used [0x00000007d6c80000,0x00000007d6c80000,0x00000007f0000000)
  from space 12800K, 8% used [0x00000007f0d80000,0x00000007f0e98000,0x00000007f1a00000)
  to   space 13312K, 0% used [0x00000007f0000000,0x00000007f0000000,0x00000007f0d00000)
 ParOldGen       total 83968K, used 13150K [0x0000000784600000, 0x0000000789800000, 0x00000007d6c80000)
  object space 83968K, 15% used [0x0000000784600000,0x00000007852d79c8,0x0000000789800000)
 PSPermGen       total 21504K, used 15946K [0x000000077f400000, 0x0000000780900000, 0x0000000784600000)
  object space 21504K, 74% used [0x000000077f400000,0x0000000780392980,0x0000000780900000)
}
Event: 3.547 GC heap before
{Heap before GC invocations=11 (full 0):
 PSYoungGen      total 425984K, used 414304K [0x00000007d6c80000, 0x00000007f1a00000, 0x0000000800000000)
  eden space 413184K, 100% used [0x00000007d6c80000,0x00000007f0000000,0x00000007f0000000)
  from space 12800K, 8% used [0x00000007f0d80000,0x00000007f0e98000,0x00000007f1a00000)
  to   space 13312K, 0% used [0x00000007f0000000,0x00000007f0000000,0x00000007f0d00000)
 ParOldGen       total 83968K, used 13150K [0x0000000784600000, 0x0000000789800000, 0x00000007d6c80000)
  object space 83968K, 15% used [0x0000000784600000,0x00000007852d79c8,0x0000000789800000)
 PSPermGen       total 21504K, used 15946K [0x000000077f400000, 0x0000000780900000, 0x0000000784600000)
  object space 21504K, 74% used [0x000000077f400000,0x0000000780392a38,0x0000000780900000)

